 
ERROR - 2025-07-22 10:31:27 --> Kolejka 3 - Problem: Nadmiar 25 pracowników, Brakuje 1 wagonów
ERROR - 2025-07-22 10:35:08 --> Kolejka 3 - Problem: Nadmiar 25 pracowników
ERROR - 2025-07-22 10:36:21 --> Kolejka 3 - Problem: Nadmiar 23 pracowników
ERROR - 2025-07-22 10:39:05 --> Kolejka 3 - Problem: Nadmiar 19 pracowników, Brakuje 1 wagonów
ERROR - 2025-07-22 10:43:09 --> Kolejka 3 - Problem: Nadmiar 15 pracowników, Brakuje 2 wagonów
ERROR - 2025-07-22 10:47:10 --> Kolejka 3 - Problem: Nadmiar 11 pracowników, Brakuje 3 wagonów
ERROR - 2025-07-22 10:50:28 --> Kolejka 3 - Problem: Nadmiar 7 pracowników, Brakuje 4 wagonów
ERROR - 2025-07-22 10:53:49 --> Kolejka 3 - Problem: Nadmiar 3 pracowników, Brakuje 5 wagonów
ERROR - 2025-07-22 10:55:58 --> Kolejka 3 - Problem: Brakuje 1 pracowników, Brakuje 6 wagonów
ERROR - 2025-07-22 10:57:37 --> Kolejka 3 - Problem: Brakuje 5 pracowników, Brakuje 7 wagonów
ERROR - 2025-07-22 11:06:32 --> Kolejka 3 - Problem: Brakuje 9 pracowników, Brakuje 8 wagonów
ERROR - 2025-07-22 11:06:48 --> Kolejka 3 - Problem: Brakuje 13 pracowników, Brakuje 9 wagonów
ERROR - 2025-07-22 11:47:19 --> Kolejka 5 - Problem: Brak wagonów
CRITICAL - 2025-07-22 11:53:35 --> ErrorException: Constant ENVIRONMENT already defined
[Method: CLI, Route: showroutes]
in APPPATH\Controllers\Api.php on line 370.
 1 [internal function]: CodeIgniter\Debug\Exceptions->errorHandler(2, 'Constant ENVIRONMENT already defined', 'C:\\wamp\\www\\coaster\\app\\Controllers\\Api.php', 370)
 2 APPPATH\Controllers\Api.php(370): define('ENVIRONMENT', 'development')
 3 SYSTEMPATH\CodeIgniter.php(933): App\Controllers\Api->cliShowRoutes()
 4 SYSTEMPATH\CodeIgniter.php(507): CodeIgniter\CodeIgniter->runController(Object(App\Controllers\Api))
 5 SYSTEMPATH\CodeIgniter.php(354): CodeIgniter\CodeIgniter->handleRequest(null, Object(Config\Cache), false)
 6 SYSTEMPATH\Boot.php(334): CodeIgniter\CodeIgniter->run()
 7 SYSTEMPATH\Boot.php(67): CodeIgniter\Boot::runCodeIgniter(Object(CodeIgniter\CodeIgniter))
 8 FCPATH\index.php(59): CodeIgniter\Boot::bootWeb(Object(Config\Paths))
ERROR - 2025-07-22 12:06:24 --> Kolejka 5 - Problem: Brakuje 581 pracowników, Brakuje 299 wagonów
ERROR - 2025-07-22 12:06:55 --> Kolejka 5 - Problem: Brakuje 281 pracowników, Brakuje 149 wagonów
ERROR - 2025-07-22 12:07:16 --> Kolejka 5 - Problem: Brakuje 13 pracowników, Brakuje 15 wagonów
ERROR - 2025-07-22 12:07:44 --> Kolejka 5 - Problem: Nadmiar 7 pracowników, Brakuje 4 wagonów
ERROR - 2025-07-22 12:07:50 --> Kolejka 5 - Problem: Nadmiar 9 pracowników, Brakuje 2 wagonów
ERROR - 2025-07-22 12:08:18 --> Kolejka 5 - Problem: Nadmiar 11 pracowników
ERROR - 2025-07-22 12:08:48 --> Kolejka 5 - Problem: Brakuje 1 pracowników
